<?xml version="1.0" encoding="UTF-8"?>
<!-- Generated by org.testng.reporters.JUnitReportReporter -->
<testsuite hostname="L3H7MP73" failures="0" tests="3" name="Automation.Tests.SubmitOrderTest" time="31.992" errors="0" timestamp="2024-02-16T19:24:00 IST" skipped="0">
  <testcase classname="Automation.Tests.SubmitOrderTest" name="submitOrder" time="10.792"/>
  <testcase classname="Automation.Tests.SubmitOrderTest" name="orderHistoryTest" time="10.700"/>
  <testcase classname="Automation.Tests.SubmitOrderTest" name="submitOrder" time="10.500"/>
</testsuite> <!-- Automation.Tests.SubmitOrderTest -->
