<?xml version="1.0" encoding="UTF-8"?>
<!-- Generated by org.testng.reporters.JUnitReportReporter -->
<testsuite hostname="L3H7MP73" failures="0" tests="2" name="Automation.Tests.ErrorValidationsTest" time="20.705" errors="0" timestamp="2024-02-16T19:24:00 IST" skipped="0">
  <testcase classname="Automation.Tests.ErrorValidationsTest" name="loginErrorValidation" time="10.729"/>
  <testcase classname="Automation.Tests.ErrorValidationsTest" name="productValidation" time="9.976"/>
</testsuite> <!-- Automation.Tests.ErrorValidationsTest -->
